
> Configure project :app
WARNING: The option setting 'android.defaults.buildfeatures.buildconfig=true' is deprecated.
The current default is 'false'.
It will be removed in version 10.0 of the Android Gradle plugin.
To keep using this feature, add the following to your module-level build.gradle files:
    android.buildFeatures.buildConfig = true
or from Android Studio, click: `Refactor` > `Migrate BuildConfig to Gradle Build Files`.

> Task :app:checkKotlinGradlePluginConfigurationErrors SKIPPED
> Task :app:preBuild UP-TO-DATE
> Task :app:preDebugBuild UP-TO-DATE
> Task :app:dataBindingMergeDependencyArtifactsDebug UP-TO-DATE
> Task :app:generateDebugResValues UP-TO-DATE
> Task :app:generateDebugResources UP-TO-DATE
> Task :app:injectCrashlyticsMappingFileIdDebug UP-TO-DATE
> Task :app:processDebugGoogleServices UP-TO-DATE
> Task :mediaslider:mediaslider:preBuild UP-TO-DATE
> Task :mediaslider:mediaslider:preDebugBuild UP-TO-DATE
> Task :mediaslider:mediaslider:generateDebugResValues UP-TO-DATE
> Task :mediaslider:mediaslider:generateDebugResources UP-TO-DATE
> Task :mediaslider:mediaslider:packageDebugResources UP-TO-DATE
> Task :app:mergeDebugResources UP-TO-DATE
> Task :mediaslider:mediaslider:dataBindingMergeDependencyArtifactsDebug UP-TO-DATE
> Task :mediaslider:mediaslider:dataBindingGenBaseClassesDebug UP-TO-DATE
> Task :app:dataBindingGenBaseClassesDebug UP-TO-DATE
> Task :app:generateDebugBuildConfig UP-TO-DATE
> Task :app:generateSafeArgsDebug UP-TO-DATE
> Task :mediaslider:mediaslider:writeDebugAarMetadata UP-TO-DATE
> Task :app:checkDebugAarMetadata UP-TO-DATE
> Task :mediaslider:mediaslider:processDebugNavigationResources UP-TO-DATE
> Task :app:processDebugNavigationResources UP-TO-DATE
> Task :app:compileDebugNavigationResources UP-TO-DATE
> Task :app:mapDebugSourceSetPaths UP-TO-DATE
> Task :app:createDebugCompatibleScreenManifests UP-TO-DATE
> Task :app:extractDeepLinksDebug UP-TO-DATE
> Task :mediaslider:mediaslider:extractDeepLinksDebug UP-TO-DATE
> Task :mediaslider:mediaslider:processDebugManifest UP-TO-DATE
> Task :app:processDebugMainManifest UP-TO-DATE
> Task :app:processDebugManifest UP-TO-DATE
> Task :app:processDebugManifestForPackage UP-TO-DATE
> Task :mediaslider:mediaslider:compileDebugLibraryResources UP-TO-DATE
> Task :mediaslider:mediaslider:parseDebugLocalResources UP-TO-DATE
> Task :mediaslider:mediaslider:generateDebugRFile UP-TO-DATE
> Task :app:processDebugResources UP-TO-DATE
> Task :mediaslider:mediaslider:checkKotlinGradlePluginConfigurationErrors SKIPPED
> Task :mediaslider:mediaslider:generateDebugBuildConfig UP-TO-DATE
> Task :mediaslider:mediaslider:compileDebugKotlin UP-TO-DATE
> Task :mediaslider:mediaslider:javaPreCompileDebug UP-TO-DATE
> Task :mediaslider:mediaslider:compileDebugJavaWithJavac UP-TO-DATE
> Task :mediaslider:mediaslider:bundleLibCompileToJarDebug UP-TO-DATE
> Task :app:kaptGenerateStubsDebugKotlin UP-TO-DATE
> Task :app:kaptDebugKotlin UP-TO-DATE

> Task :app:compileDebugKotlin FAILED
e: file:///Users/javipas/Immich-Android-TV/app/src/main/java/nl/giejay/android/tv/immich/assets/IntegratedTimelineFragment.kt:92:91 Unresolved reference 'LinearLayout'.
e: file:///Users/javipas/Immich-Android-TV/app/src/main/java/nl/giejay/android/tv/immich/assets/IntegratedTimelineFragment.kt:93:24 Unresolved reference 'width'.
e: file:///Users/javipas/Immich-Android-TV/app/src/main/java/nl/giejay/android/tv/immich/assets/IntegratedTimelineFragment.kt:94:24 Unresolved reference 'weight'.
e: file:///Users/javipas/Immich-Android-TV/app/src/main/java/nl/giejay/android/tv/immich/assets/IntegratedTimelineFragment.kt:97:62 Unresolved reference 'LinearLayout'.
e: file:///Users/javipas/Immich-Android-TV/app/src/main/java/nl/giejay/android/tv/immich/assets/IntegratedTimelineFragment.kt:98:20 Unresolved reference 'width'.
e: file:///Users/javipas/Immich-Android-TV/app/src/main/java/nl/giejay/android/tv/immich/assets/IntegratedTimelineFragment.kt:99:20 Unresolved reference 'weight'.
e: file:///Users/javipas/Immich-Android-TV/app/src/main/java/nl/giejay/android/tv/immich/shared/prefs/Preferences.kt:322:5 'getTitle' overrides nothing.

[Incubating] Problems report is available at: file:///Users/javipas/Immich-Android-TV/build/reports/problems/problems-report.html

FAILURE: Build failed with an exception.

* What went wrong:
Execution failed for task ':app:compileDebugKotlin'.
> A failure occurred while executing org.jetbrains.kotlin.compilerRunner.GradleCompilerRunnerWithWorkers$GradleKotlinCompilerWorkAction
   > Compilation error. See log for more details

* Try:
> Run with --stacktrace option to get the stack trace.
> Run with --info or --debug option to get more log output.
> Run with --scan to get full insights.
> Get more help at https://help.gradle.org.

Deprecated Gradle features were used in this build, making it incompatible with Gradle 9.0.

You can use '--warning-mode all' to show the individual deprecation warnings and determine if they come from your own scripts or plugins.

For more on this, please refer to https://docs.gradle.org/8.13/userguide/command_line_interface.html#sec:command_line_warnings in the Gradle documentation.

BUILD FAILED in 3s
39 actionable tasks: 1 executed, 38 up-to-date
